0 info it worked if it ends with ok
1 verbose cli [ 'C:\\Program Files\\nodejs\\node.exe',
1 verbose cli   'C:\\Program Files\\nodejs\\node_modules\\npm\\bin\\npm-cli.js',
1 verbose cli   'publish' ]
2 info using npm@3.10.9
3 info using node@v6.9.2
4 verbose publish [ '.' ]
5 silly cache add args [ '.', null ]
6 verbose cache add spec .
7 silly cache add parsed spec Result {
7 silly cache add   raw: '.',
7 silly cache add   scope: null,
7 silly cache add   escapedName: null,
7 silly cache add   name: null,
7 silly cache add   rawSpec: '.',
7 silly cache add   spec: 'C:\\Development\\GitHub\\gulp-clean-css',
7 silly cache add   type: 'directory' }
8 verbose addLocalDirectory C:\Users\Sal\AppData\Roaming\npm-cache\gulp-clean-css\2.3.2\package.tgz not in flight; packing
9 verbose correctMkdir C:\Users\Sal\AppData\Roaming\npm-cache correctMkdir not in flight; initializing
10 info lifecycle gulp-clean-css@2.3.2~prepublish: gulp-clean-css@2.3.2
11 silly lifecycle gulp-clean-css@2.3.2~prepublish: no script for prepublish, continuing
12 verbose tar pack [ 'C:\\Users\\Sal\\AppData\\Roaming\\npm-cache\\gulp-clean-css\\2.3.2\\package.tgz',
12 verbose tar pack   'C:\\Development\\GitHub\\gulp-clean-css' ]
13 verbose tarball C:\Users\Sal\AppData\Roaming\npm-cache\gulp-clean-css\2.3.2\package.tgz
14 verbose folder C:\Development\GitHub\gulp-clean-css
15 verbose addLocalTarball adding from inside cache C:\Users\Sal\AppData\Roaming\npm-cache\gulp-clean-css\2.3.2\package.tgz
16 verbose correctMkdir C:\Users\Sal\AppData\Roaming\npm-cache correctMkdir not in flight; initializing
17 silly cache afterAdd gulp-clean-css@2.3.2
18 verbose afterAdd C:\Users\Sal\AppData\Roaming\npm-cache\gulp-clean-css\2.3.2\package\package.json not in flight; writing
19 verbose correctMkdir C:\Users\Sal\AppData\Roaming\npm-cache correctMkdir not in flight; initializing
20 verbose afterAdd C:\Users\Sal\AppData\Roaming\npm-cache\gulp-clean-css\2.3.2\package\package.json written
21 silly publish { name: 'gulp-clean-css',
21 silly publish   description: 'Minify css with clean-css.',
21 silly publish   homepage: 'https://github.com/scniro/gulp-clean-css#readme',
21 silly publish   version: '2.3.2',
21 silly publish   author: { name: 'scniro' },
21 silly publish   license: 'MIT',
21 silly publish   bugs:
21 silly publish    { url: 'https://github.com/scniro/gulp-clean-css/issues',
21 silly publish      email: 'scniro@outlook.com' },
21 silly publish   repository:
21 silly publish    { type: 'git',
21 silly publish      url: 'git+https://github.com/scniro/gulp-clean-css.git' },
21 silly publish   files: [ 'index.js' ],
21 silly publish   keywords:
21 silly publish    [ 'css',
21 silly publish      'clean',
21 silly publish      'minify',
21 silly publish      'uglify',
21 silly publish      'clean-css',
21 silly publish      'minify-css',
21 silly publish      'gulp-minify-css',
21 silly publish      'gulp-clean-css',
21 silly publish      'gulpplugin',
21 silly publish      'gulpfriendly' ],
21 silly publish   dependencies:
21 silly publish    { 'clean-css': '^4.0.4',
21 silly publish      'gulp-util': '^3.0.8',
21 silly publish      'object-assign': '^4.1.1',
21 silly publish      through2: '^2.0.3',
21 silly publish      'vinyl-sourcemaps-apply': '^0.2.1' },
21 silly publish   devDependencies:
21 silly publish    { chai: '^3.5.0',
21 silly publish      'chai-string': '^1.3.0',
21 silly publish      coveralls: '^2.11.16',
21 silly publish      del: '^2.2.2',
21 silly publish      express: '^4.14.1',
21 silly publish      gulp: '^3.9.1',
21 silly publish      'gulp-concat': '^2.6.1',
21 silly publish      'gulp-istanbul': '^1.1.1',
21 silly publish      'gulp-mocha': '^3.0.1',
21 silly publish      'gulp-rename': '^1.2.2',
21 silly publish      'gulp-sass': '^3.1.0',
21 silly publish      'gulp-sourcemaps': '^2.4.1',
21 silly publish      mocha: '^3.2.0',
21 silly publish      vinyl: '^2.0.1',
21 silly publish      'vinyl-buffer': '^1.0.0',
21 silly publish      'vinyl-fs-fake': '^1.1.0' },
21 silly publish   scripts: { test: 'gulp test' },
21 silly publish   readme: '# gulp-clean-css\r\n\r\n[![Build Status](https://img.shields.io/travis/scniro/gulp-clean-css.svg?style=flat-square)](https://travis-ci.org/scniro/gulp-clean-css)\r\n[![NPM Version](https://img.shields.io/npm/v/gulp-clean-css.svg?style=flat-square)](https://www.npmjs.com/package/gulp-clean-css)\r\n[![Dependency Status](https://img.shields.io/david/scniro/gulp-clean-css.svg?label=deps&style=flat-square)](https://david-dm.org/scniro/gulp-clean-css)\r\n[![devDependency Status](https://img.shields.io/david/dev/scniro/gulp-clean-css.svg?label=devDeps&style=flat-square)](https://david-dm.org/scniro/gulp-clean-css#info=devDependencies)\r\n[![Coverage](https://img.shields.io/coveralls/scniro/gulp-clean-css.svg?style=flat-square)](https://coveralls.io/github/scniro/gulp-clean-css)\r\n[![Climate](https://img.shields.io/codeclimate/github/scniro/gulp-clean-css.svg?label=climate&style=flat-square)](https://codeclimate.com/github/scniro/gulp-clean-css)\r\n\r\n> [gulp](http://gulpjs.com/) plugin to minify CSS, using [clean-css](https://github.com/jakubpawlowicz/clean-css)\r\n\r\n## Regarding Issues\r\n\r\nThis is just a simple [gulp](https://github.com/gulpjs/gulp) plugin, which means it\'s nothing more than a thin wrapper around `clean-css`. If it looks like you are having CSS related issues, please contact [clean-css](https://github.com/jakubpawlowicz/clean-css/issues). Only create a new issue if it looks like you\'re having a problem with the plugin itself.\r\n\r\n## Install\r\n\r\n```\r\nnpm install gulp-clean-css --save-dev\r\n```\r\n\r\n## API\r\n\r\n### cleanCSS([*options*], [*callback*])\r\n\r\n#### options\r\n\r\nSee the [`CleanCSS` options](https://github.com/jakubpawlowicz/clean-css#how-to-use-clean-css-api).\r\n\r\n```javascript\r\nvar gulp = require(\'gulp\');\r\nvar cleanCSS = require(\'gulp-clean-css\');\r\n\r\ngulp.task(\'minify-css\', function() {\r\n  return gulp.src(\'styles/*.css\')\r\n    .pipe(cleanCSS({compatibility: \'ie8\'}))\r\n    .pipe(gulp.dest(\'dist\'));\r\n});\r\n```\r\n\r\n#### callback\r\n\r\nUseful for returning details from the underlying [`minify()`](https://github.com/jakubpawlowicz/clean-css#using-api) call. An example use case could include logging `stats` of the minified file. In addition to the default object, `gulp-clean-css` provides the file `name` and `path` for further analysis.\r\n\r\n```javascript\r\nvar gulp = require(\'gulp\');\r\nvar cleanCSS = require(\'gulp-clean-css\');\r\n\r\ngulp.task(\'minify-css\', function() {\r\n    return gulp.src(\'styles/*.css\')\r\n        .pipe(cleanCSS({debug: true}, function(details) {\r\n            console.log(details.name + \': \' + details.stats.originalSize);\r\n            console.log(details.name + \': \' + details.stats.minifiedSize);\r\n        }))\r\n        .pipe(gulp.dest(\'dist\'));\r\n});\r\n```\r\n\r\n[Source Maps](http://www.html5rocks.com/tutorials/developertools/sourcemaps/) can be generated by using [gulp-sourcemaps](https://github.com/floridoo/gulp-sourcemaps).\r\n\r\n```javascript\r\n\r\nvar gulp = require(\'gulp\');\r\nvar cleanCSS = require(\'gulp-clean-css\');\r\nvar sourcemaps = require(\'gulp-sourcemaps\');\r\n\r\ngulp.task(\'minify-css\', function() {\r\n    return gulp.src(\'./src/*.css\')\r\n        .pipe(sourcemaps.init())\r\n        .pipe(cleanCSS())\r\n        .pipe(sourcemaps.write())\r\n        .pipe(gulp.dest(\'dist\'));\r\n});\r\n```\r\n\r\n## License\r\n\r\n[MIT](./LICENSE) © 2016 [scniro](https://github.com/scniro)\r\n',
21 silly publish   readmeFilename: 'README.md',
21 silly publish   gitHead: '92bfb8da9398bd68a3e49d6a0eae0273e6828d6e',
21 silly publish   _id: 'gulp-clean-css@2.3.2',
21 silly publish   _shasum: '4d5b03e5c9eb8e8e55e16f7fee2ffadf29b00724',
21 silly publish   _from: '.' }
22 verbose getPublishConfig undefined
23 silly mapToRegistry name gulp-clean-css
24 silly mapToRegistry using default registry
25 silly mapToRegistry registry https://registry.npmjs.org/
26 silly mapToRegistry data Result {
26 silly mapToRegistry   raw: 'gulp-clean-css',
26 silly mapToRegistry   scope: null,
26 silly mapToRegistry   escapedName: 'gulp-clean-css',
26 silly mapToRegistry   name: 'gulp-clean-css',
26 silly mapToRegistry   rawSpec: '',
26 silly mapToRegistry   spec: 'latest',
26 silly mapToRegistry   type: 'tag' }
27 silly mapToRegistry uri https://registry.npmjs.org/gulp-clean-css
28 verbose publish registryBase https://registry.npmjs.org/
29 silly publish uploading C:\Users\Sal\AppData\Roaming\npm-cache\gulp-clean-css\2.3.2\package.tgz
30 verbose request uri https://registry.npmjs.org/gulp-clean-css
31 verbose request sending authorization for write operation
32 info attempt registry request try #1 at 10:08:25 PM
33 verbose request using bearer token for auth
34 verbose request id cc61d1224eb631b4
35 http request PUT https://registry.npmjs.org/gulp-clean-css
36 http 403 https://registry.npmjs.org/gulp-clean-css
37 verbose headers { 'content-type': 'application/json',
37 verbose headers   'cache-control': 'max-age=300',
37 verbose headers   'content-length': '95',
37 verbose headers   'accept-ranges': 'bytes',
37 verbose headers   date: 'Mon, 06 Feb 2017 03:08:27 GMT',
37 verbose headers   via: '1.1 varnish',
37 verbose headers   connection: 'keep-alive',
37 verbose headers   'x-served-by': 'cache-ord1724-ORD',
37 verbose headers   'x-cache': 'MISS',
37 verbose headers   'x-cache-hits': '0',
37 verbose headers   'x-timer': 'S1486350505.934301,VS0,VE1088',
37 verbose headers   vary: 'Accept-Encoding' }
38 verbose request invalidating C:\Users\Sal\AppData\Roaming\npm-cache\registry.npmjs.org\gulp-clean-css on PUT
39 error publish Failed PUT 403
40 verbose stack Error: "You cannot publish over the previously published version 2.3.2." : gulp-clean-css
40 verbose stack     at makeError (C:\Users\Sal\AppData\Roaming\nvm\v6.9.2\node_modules\npm\node_modules\npm-registry-client\lib\request.js:302:12)
40 verbose stack     at CachingRegistryClient.<anonymous> (C:\Users\Sal\AppData\Roaming\nvm\v6.9.2\node_modules\npm\node_modules\npm-registry-client\lib\request.js:290:14)
40 verbose stack     at Request._callback (C:\Users\Sal\AppData\Roaming\nvm\v6.9.2\node_modules\npm\node_modules\npm-registry-client\lib\request.js:210:14)
40 verbose stack     at Request.self.callback (C:\Users\Sal\AppData\Roaming\nvm\v6.9.2\node_modules\npm\node_modules\request\request.js:187:22)
40 verbose stack     at emitTwo (events.js:106:13)
40 verbose stack     at Request.emit (events.js:191:7)
40 verbose stack     at Request.<anonymous> (C:\Users\Sal\AppData\Roaming\nvm\v6.9.2\node_modules\npm\node_modules\request\request.js:1048:10)
40 verbose stack     at emitOne (events.js:96:13)
40 verbose stack     at Request.emit (events.js:188:7)
40 verbose stack     at IncomingMessage.<anonymous> (C:\Users\Sal\AppData\Roaming\nvm\v6.9.2\node_modules\npm\node_modules\request\request.js:969:12)
41 verbose statusCode 403
42 verbose pkgid gulp-clean-css
43 verbose cwd C:\Development\GitHub\gulp-clean-css
44 error Windows_NT 10.0.14393
45 error argv "C:\\Program Files\\nodejs\\node.exe" "C:\\Program Files\\nodejs\\node_modules\\npm\\bin\\npm-cli.js" "publish"
46 error node v6.9.2
47 error npm  v3.10.9
48 error code E403
49 error "You cannot publish over the previously published version 2.3.2." : gulp-clean-css
50 error If you need help, you may report this error at:
50 error     <https://github.com/npm/npm/issues>
51 verbose exit [ 1, true ]
